<?xml version="1.0" encoding="UTF-8"?>
<!-- Generated by org.testng.reporters.JUnitReportReporter -->
<testsuite skipped="0" hostname="Ahammed" name="checkBoxDemo.TC003_checkBoxDemo_single" tests="1" failures="0" timestamp="30 Nov 2017 19:15:05 GMT" time="8.568" errors="0">
  <testcase name="checkBoxDemo_singles" time="8.568" classname="checkBoxDemo.TC003_checkBoxDemo_single"/>
</testsuite> <!-- checkBoxDemo.TC003_checkBoxDemo_single -->
