<?xml version="1.0" encoding="UTF-8"?>
<!-- Generated by org.testng.reporters.JUnitReportReporter -->
<testsuite skipped="0" hostname="Ahammed" name="simpleFormDemo.TC002_simpleFormDemo_DoubleInput" tests="1" failures="0" timestamp="30 Nov 2017 19:15:05 GMT" time="8.759" errors="0">
  <testcase name="methodName" time="8.759" classname="simpleFormDemo.TC002_simpleFormDemo_DoubleInput"/>
</testsuite> <!-- simpleFormDemo.TC002_simpleFormDemo_DoubleInput -->
