<?xml version="1.0" encoding="UTF-8"?>
<!-- Generated by org.testng.reporters.JUnitReportReporter -->
<testsuite skipped="0" hostname="Ahammed" name="bootStrapDatePicker.TC010_BoothDatePicker" tests="1" failures="0" timestamp="29 Dec 2017 02:26:09 GMT" time="18.496" errors="0">
  <testcase name="BoothDatePicker" time="18.496" classname="bootStrapDatePicker.TC010_BoothDatePicker"/>
</testsuite> <!-- bootStrapDatePicker.TC010_BoothDatePicker -->
