<?xml version="1.0" encoding="UTF-8"?>
<!-- Generated by org.testng.reporters.JUnitReportReporter -->
<testsuite skipped="0" hostname="Ahammed" name="inputFormWithVelidation.TC008_inputFormWithVelidation" tests="1" failures="0" timestamp="30 Nov 2017 19:15:05 GMT" time="14.099" errors="0">
  <testcase name="inputFormWithVelidation" time="14.099" classname="inputFormWithVelidation.TC008_inputFormWithVelidation"/>
</testsuite> <!-- inputFormWithVelidation.TC008_inputFormWithVelidation -->
