<?xml version="1.0" encoding="UTF-8"?>
<!-- Generated by org.testng.reporters.JUnitReportReporter -->
<testsuite skipped="0" hostname="Ahammed" name="bootStrapDatePicker.TC011_DateRangeExample" tests="1" failures="0" timestamp="02 Jan 2018 04:49:28 GMT" time="16.061" errors="0">
  <testcase name="methodName" time="16.061" classname="bootStrapDatePicker.TC011_DateRangeExample"/>
</testsuite> <!-- bootStrapDatePicker.TC011_DateRangeExample -->
