<?xml version="1.0" encoding="UTF-8"?>
<!-- Generated by org.testng.reporters.JUnitReportReporter -->
<testsuite skipped="0" hostname="Ahammed" name="inputFormWithVelidation.TC009_inputFormWithVelidation_Dynamic" tests="10" failures="0" timestamp="18 Dec 2017 20:20:20 GMT" time="32.380" errors="0">
  <testcase name="inputFormWithVelidation_Dynamic" time="3.165" classname="inputFormWithVelidation.TC009_inputFormWithVelidation_Dynamic"/>
  <testcase name="inputFormWithVelidation_Dynamic" time="3.179" classname="inputFormWithVelidation.TC009_inputFormWithVelidation_Dynamic"/>
  <testcase name="inputFormWithVelidation_Dynamic" time="3.100" classname="inputFormWithVelidation.TC009_inputFormWithVelidation_Dynamic"/>
  <testcase name="inputFormWithVelidation_Dynamic" time="4.161" classname="inputFormWithVelidation.TC009_inputFormWithVelidation_Dynamic"/>
  <testcase name="inputFormWithVelidation_Dynamic" time="3.342" classname="inputFormWithVelidation.TC009_inputFormWithVelidation_Dynamic"/>
  <testcase name="inputFormWithVelidation_Dynamic" time="3.141" classname="inputFormWithVelidation.TC009_inputFormWithVelidation_Dynamic"/>
  <testcase name="inputFormWithVelidation_Dynamic" time="2.998" classname="inputFormWithVelidation.TC009_inputFormWithVelidation_Dynamic"/>
  <testcase name="inputFormWithVelidation_Dynamic" time="3.049" classname="inputFormWithVelidation.TC009_inputFormWithVelidation_Dynamic"/>
  <testcase name="inputFormWithVelidation_Dynamic" time="3.180" classname="inputFormWithVelidation.TC009_inputFormWithVelidation_Dynamic"/>
  <testcase name="inputFormWithVelidation_Dynamic" time="3.065" classname="inputFormWithVelidation.TC009_inputFormWithVelidation_Dynamic"/>
</testsuite> <!-- inputFormWithVelidation.TC009_inputFormWithVelidation_Dynamic -->
