<?xml version="1.0" encoding="UTF-8"?>
<!-- Generated by org.testng.reporters.JUnitReportReporter -->
<testsuite skipped="0" hostname="Ahammed" name="selectDropDownList.TC007_selectDropDownListFirstManu" tests="1" failures="0" timestamp="30 Nov 2017 19:15:05 GMT" time="8.921" errors="0">
  <testcase name="selectDropDownListFirstManu" time="8.921" classname="selectDropDownList.TC007_selectDropDownListFirstManu"/>
</testsuite> <!-- selectDropDownList.TC007_selectDropDownListFirstManu -->
