<?xml version="1.0" encoding="UTF-8"?>
<!-- Generated by org.testng.reporters.JUnitReportReporter -->
<testsuite skipped="0" hostname="Ahammed" name="checkBoxDemo.TC004_checkBoxDemo_multiBox" tests="1" failures="0" timestamp="30 Nov 2017 19:15:05 GMT" time="8.808" errors="0">
  <testcase name="checkBoxDemo_multiBox" time="8.808" classname="checkBoxDemo.TC004_checkBoxDemo_multiBox"/>
</testsuite> <!-- checkBoxDemo.TC004_checkBoxDemo_multiBox -->
