<?xml version="1.0" encoding="UTF-8"?>
<!-- Generated by org.testng.reporters.JUnitReportReporter -->
<testsuite skipped="0" hostname="Ahammed" name="radioButtonDemo.TC005_radioButtonDemo" tests="1" failures="0" timestamp="30 Nov 2017 19:15:05 GMT" time="7.924" errors="0">
  <testcase name="radioButtonDemo" time="7.924" classname="radioButtonDemo.TC005_radioButtonDemo"/>
</testsuite> <!-- radioButtonDemo.TC005_radioButtonDemo -->
