<?xml version="1.0" encoding="UTF-8"?>
<!-- Generated by org.testng.reporters.JUnitReportReporter -->
<testsuite skipped="0" hostname="Ahammed" name="simpleFormDemo.TC001_SimpleFormDemo_SingleInput" tests="1" failures="0" timestamp="30 Nov 2017 19:15:05 GMT" time="13.860" errors="0">
  <testcase name="SimpleFormDemo" time="13.860" classname="simpleFormDemo.TC001_SimpleFormDemo_SingleInput"/>
</testsuite> <!-- simpleFormDemo.TC001_SimpleFormDemo_SingleInput -->
